<?xml version="1.0" encoding="UTF-8"?>
<!-- Generated by org.testng.reporters.JUnitReportReporter -->
<testsuite hostname="Srinivas" name="restAssuredAPI.TC001_GET_AllVideoGames" tests="1" failures="0" timestamp="3 Jun 2021 17:18:59 GMT" time="1.629" errors="0">
  <testcase name="getVideoGames" time="1.629" classname="restAssuredAPI.TC001_GET_AllVideoGames"/>
</testsuite> <!-- restAssuredAPI.TC001_GET_AllVideoGames -->
