<?xml version="1.0" encoding="UTF-8"?>
<!-- Generated by org.testng.reporters.JUnitReportReporter -->
<testsuite hostname="Srinivas" name="restAssuredAPI.TC_GET_SingleVideoGame" tests="1" failures="0" timestamp="3 Jun 2021 14:10:37 GMT" time="1.888" errors="0">
  <testcase name="getSingleGame" time="1.888" classname="restAssuredAPI.TC_GET_SingleVideoGame"/>
</testsuite> <!-- restAssuredAPI.TC_GET_SingleVideoGame -->
