<?xml version="1.0" encoding="UTF-8"?>
<!-- Generated by org.testng.reporters.JUnitReportReporter -->
<testsuite hostname="Srinivas" name="restAssuredAPI.TC_POST_RecordAddRequest" tests="1" failures="0" timestamp="3 Jun 2021 14:57:44 GMT" time="1.297" errors="0">
  <testcase name="postAddRequest" time="1.297" classname="restAssuredAPI.TC_POST_RecordAddRequest"/>
</testsuite> <!-- restAssuredAPI.TC_POST_RecordAddRequest -->
