<?xml version="1.0" encoding="UTF-8"?>
<!-- Generated by org.testng.reporters.JUnitReportReporter -->
<testsuite hostname="Srinivas" name="restAssuredAPI.TC_DELETE_DeleteRequest" tests="1" failures="0" timestamp="3 Jun 2021 17:22:22 GMT" time="1.444" errors="0">
  <testcase name="deleteVideoRequest" time="1.444" classname="restAssuredAPI.TC_DELETE_DeleteRequest"/>
</testsuite> <!-- restAssuredAPI.TC_DELETE_DeleteRequest -->
