<?xml version="1.0" encoding="UTF-8"?>
<!-- Generated by org.testng.reporters.JUnitReportReporter -->
<testsuite hostname="Srinivas" name="restAssuredAPI.TC_PUT_ChangeRequest" tests="1" failures="0" timestamp="9 Feb 2022 16:27:16 GMT" time="1.625" errors="0">
  <testcase name="putChangeRequest" time="1.625" classname="restAssuredAPI.TC_PUT_ChangeRequest"/>
</testsuite> <!-- restAssuredAPI.TC_PUT_ChangeRequest -->
